
=== 手動測試 rebuild_index Sun Mar  8 23:09:09 CST 2026 ===
2026-03-08 23:09:11.882 | INFO     | FinMind.data.finmind_api:login_by_token:84 - Login success
Traceback (most recent call last):
  File "/Users/kk/stock_analyzer/rebuild_index.py", line 32, in <module>
    from modules.financial_trend import get_financial_trend
ModuleNotFoundError: No module named 'modules.financial_trend'
2026-03-09 15:50:10.686 | INFO     | FinMind.data.finmind_api:login_by_token:84 - Login success
⚠️ rebuild_index.py 已過時（V29.1 模板），financial_trend 注入已停用
   個股分析請改用: python3 scripts/stock_updater.py
📂 載入 33 筆股票資料
Traceback (most recent call last):
  File "/Users/kk/stock_analyzer/rebuild_index.py", line 62, in <module>
    with open(template_path, "r", encoding="utf-8") as f:
FileNotFoundError: [Errno 2] No such file or directory: 'templates/index_v29.1.html'
2026-03-10 15:50:03.492 | INFO     | FinMind.data.finmind_api:login_by_token:84 - Login success
⚠️ rebuild_index.py 已過時（V29.1 模板），financial_trend 注入已停用
   個股分析請改用: python3 scripts/stock_updater.py
📂 載入 33 筆股票資料
Traceback (most recent call last):
  File "/Users/kk/stock_analyzer/rebuild_index.py", line 62, in <module>
    with open(template_path, "r", encoding="utf-8") as f:
FileNotFoundError: [Errno 2] No such file or directory: 'templates/index_v29.1.html'
2026-03-11 15:50:04.402 | INFO     | FinMind.data.finmind_api:login_by_token:84 - Login success
⚠️ rebuild_index.py 已過時（V29.1 模板），financial_trend 注入已停用
   個股分析請改用: python3 scripts/stock_updater.py
📂 載入 33 筆股票資料
Traceback (most recent call last):
  File "/Users/kk/stock_analyzer/rebuild_index.py", line 62, in <module>
    with open(template_path, "r", encoding="utf-8") as f:
FileNotFoundError: [Errno 2] No such file or directory: 'templates/index_v29.1.html'
2026-03-13 15:50:02.995 | INFO     | FinMind.data.finmind_api:login_by_token:84 - Login success
⚠️ rebuild_index.py 已過時（V29.1 模板），financial_trend 注入已停用
   個股分析請改用: python3 scripts/stock_updater.py
📂 載入 33 筆股票資料
Traceback (most recent call last):
  File "/Users/kk/stock_analyzer/rebuild_index.py", line 62, in <module>
    with open(template_path, "r", encoding="utf-8") as f:
FileNotFoundError: [Errno 2] No such file or directory: 'templates/index_v29.1.html'
python-dotenv could not parse statement starting at line 13
2026-03-16 15:50:04.450 | INFO     | FinMind.data.finmind_api:login_by_token:84 - Login success
⚠️ rebuild_index.py 已過時（V29.1 模板），financial_trend 注入已停用
   個股分析請改用: python3 scripts/stock_updater.py
📂 載入 33 筆股票資料
Traceback (most recent call last):
  File "/Users/kk/stock_analyzer/rebuild_index.py", line 62, in <module>
    with open(template_path, "r", encoding="utf-8") as f:
FileNotFoundError: [Errno 2] No such file or directory: 'templates/index_v29.1.html'
python-dotenv could not parse statement starting at line 13
2026-03-17 15:50:03.607 | INFO     | FinMind.data.finmind_api:login_by_token:84 - Login success
⚠️ rebuild_index.py 已過時（V29.1 模板），financial_trend 注入已停用
   個股分析請改用: python3 scripts/stock_updater.py
📂 載入 33 筆股票資料
Traceback (most recent call last):
  File "/Users/kk/stock_analyzer/rebuild_index.py", line 62, in <module>
    with open(template_path, "r", encoding="utf-8") as f:
FileNotFoundError: [Errno 2] No such file or directory: 'templates/index_v29.1.html'
python-dotenv could not parse statement starting at line 13
2026-03-18 15:50:07.847 | INFO     | FinMind.data.finmind_api:login_by_token:84 - Login success
⚠️ rebuild_index.py 已過時（V29.1 模板），financial_trend 注入已停用
   個股分析請改用: python3 scripts/stock_updater.py
📂 載入 33 筆股票資料
Traceback (most recent call last):
  File "/Users/kk/stock_analyzer/rebuild_index.py", line 62, in <module>
    with open(template_path, "r", encoding="utf-8") as f:
FileNotFoundError: [Errno 2] No such file or directory: 'templates/index_v29.1.html'
python-dotenv could not parse statement starting at line 13
2026-03-20 15:50:02.247 | INFO     | FinMind.data.finmind_api:login_by_token:84 - Login success
⚠️ rebuild_index.py 已過時（V29.1 模板），financial_trend 注入已停用
   個股分析請改用: python3 scripts/stock_updater.py
📂 載入 33 筆股票資料
Traceback (most recent call last):
  File "/Users/kk/stock_analyzer/rebuild_index.py", line 62, in <module>
    with open(template_path, "r", encoding="utf-8") as f:
FileNotFoundError: [Errno 2] No such file or directory: 'templates/index_v29.1.html'
python-dotenv could not parse statement starting at line 13
2026-03-23 15:50:04.206 | INFO     | FinMind.data.finmind_api:login_by_token:84 - Login success
⚠️ rebuild_index.py 已過時（V29.1 模板），financial_trend 注入已停用
   個股分析請改用: python3 scripts/stock_updater.py
📂 載入 33 筆股票資料
Traceback (most recent call last):
  File "/Users/kk/stock_analyzer/rebuild_index.py", line 62, in <module>
    with open(template_path, "r", encoding="utf-8") as f:
FileNotFoundError: [Errno 2] No such file or directory: 'templates/index_v29.1.html'
python-dotenv could not parse statement starting at line 13
2026-03-25 15:50:02.594 | INFO     | FinMind.data.finmind_api:login_by_token:84 - Login success
⚠️ rebuild_index.py 已過時（V29.1 模板），financial_trend 注入已停用
   個股分析請改用: python3 scripts/stock_updater.py
📂 載入 33 筆股票資料
Traceback (most recent call last):
  File "/Users/kk/stock_analyzer/rebuild_index.py", line 62, in <module>
    with open(template_path, "r", encoding="utf-8") as f:
FileNotFoundError: [Errno 2] No such file or directory: 'templates/index_v29.1.html'
python-dotenv could not parse statement starting at line 13
2026-03-26 15:50:09.734 | INFO     | FinMind.data.finmind_api:login_by_token:84 - Login success
⚠️ rebuild_index.py 已過時（V29.1 模板），financial_trend 注入已停用
   個股分析請改用: python3 scripts/stock_updater.py
📂 載入 33 筆股票資料
Traceback (most recent call last):
  File "/Users/kk/stock_analyzer/rebuild_index.py", line 62, in <module>
    with open(template_path, "r", encoding="utf-8") as f:
FileNotFoundError: [Errno 2] No such file or directory: 'templates/index_v29.1.html'
python-dotenv could not parse statement starting at line 13
2026-03-27 15:50:05.360 | INFO     | FinMind.data.finmind_api:login_by_token:84 - Login success
⚠️ rebuild_index.py 已過時（V29.1 模板），financial_trend 注入已停用
   個股分析請改用: python3 scripts/stock_updater.py
📂 載入 33 筆股票資料
Traceback (most recent call last):
  File "/Users/kk/stock_analyzer/rebuild_index.py", line 62, in <module>
    with open(template_path, "r", encoding="utf-8") as f:
FileNotFoundError: [Errno 2] No such file or directory: 'templates/index_v29.1.html'
python-dotenv could not parse statement starting at line 13
2026-03-30 15:50:02.384 | INFO     | FinMind.data.finmind_api:login_by_token:84 - Login success
⚠️ rebuild_index.py 已過時（V29.1 模板），financial_trend 注入已停用
   個股分析請改用: python3 scripts/stock_updater.py
📂 載入 33 筆股票資料
Traceback (most recent call last):
  File "/Users/kk/stock_analyzer/rebuild_index.py", line 62, in <module>
    with open(template_path, "r", encoding="utf-8") as f:
FileNotFoundError: [Errno 2] No such file or directory: 'templates/index_v29.1.html'
python-dotenv could not parse statement starting at line 13
2026-03-31 15:50:03.714 | INFO     | FinMind.data.finmind_api:login_by_token:84 - Login success
⚠️ rebuild_index.py 已過時（V29.1 模板），financial_trend 注入已停用
   個股分析請改用: python3 scripts/stock_updater.py
📂 載入 33 筆股票資料
Traceback (most recent call last):
  File "/Users/kk/stock_analyzer/rebuild_index.py", line 62, in <module>
    with open(template_path, "r", encoding="utf-8") as f:
FileNotFoundError: [Errno 2] No such file or directory: 'templates/index_v29.1.html'
python-dotenv could not parse statement starting at line 13
2026-04-01 15:57:05.485 | INFO     | FinMind.data.finmind_api:login_by_token:84 - Login success
⚠️ rebuild_index.py 已過時（V29.1 模板），financial_trend 注入已停用
   個股分析請改用: python3 scripts/stock_updater.py
📂 載入 33 筆股票資料
Traceback (most recent call last):
  File "/Users/kk/stock_analyzer/rebuild_index.py", line 62, in <module>
    with open(template_path, "r", encoding="utf-8") as f:
FileNotFoundError: [Errno 2] No such file or directory: 'templates/index_v29.1.html'
python-dotenv could not parse statement starting at line 13
2026-04-02 15:50:04.106 | INFO     | FinMind.data.finmind_api:login_by_token:84 - Login success
⚠️ rebuild_index.py 已過時（V29.1 模板），financial_trend 注入已停用
   個股分析請改用: python3 scripts/stock_updater.py
📂 載入 33 筆股票資料
Traceback (most recent call last):
  File "/Users/kk/stock_analyzer/rebuild_index.py", line 62, in <module>
    with open(template_path, "r", encoding="utf-8") as f:
FileNotFoundError: [Errno 2] No such file or directory: 'templates/index_v29.1.html'
python-dotenv could not parse statement starting at line 13
2026-04-06 15:50:04.727 | INFO     | FinMind.data.finmind_api:login_by_token:84 - Login success
⚠️ rebuild_index.py 已過時（V29.1 模板），financial_trend 注入已停用
   個股分析請改用: python3 scripts/stock_updater.py
📂 載入 33 筆股票資料
Traceback (most recent call last):
  File "/Users/kk/stock_analyzer/rebuild_index.py", line 62, in <module>
    with open(template_path, "r", encoding="utf-8") as f:
FileNotFoundError: [Errno 2] No such file or directory: 'templates/index_v29.1.html'
