
=== 手動測試 v35_runner Sun Mar  8 23:08:51 CST 2026 ===
新聞掃描失敗: 401 Client Error: Unauthorized for url: https://api.perplexity.ai/chat/completions
[23:08:52] 🐱 喵姆 V35 Runner 啟動
[23:08:52]    模式：🚀 正式
[23:08:52] 📊 Step 1: 大盤指數監控...
[23:08:53]    加權指數：33599.54
[23:08:53]    漲跌幅：-0.22%
[23:08:53]    Regime：None
[23:08:53] 📈 Step 2: 外資期貨追蹤...
[23:08:53]    外資淨口數：-38,930
[23:08:53]    趨勢：空單減少
[23:08:53]    預警：✅ NO
[23:08:53] 🌐 Step 3: 新聞情緒掃描...
[23:08:53]    情緒分數：+0.0
[23:08:53] 🔍 Step 4: 崩盤情境分類...
[23:08:53]    分類：📊 正常波動
[23:08:53]    信心度：80%
[23:08:53] 🛡️ Step 5: 停損 / 量能檢查...
[23:08:53]    持倉數：0
[23:08:53]    停損觸發：0 檔
[23:08:53]    量能異常：0 檔
[23:08:53] 💾 Step 6: 寫入 market_context...
[23:08:53] 🤖 Step 6b: AI 綜合敘事引擎...
[23:08:53]    🏥 健康分數：36 (C)
[23:08:53]    📝 判斷：市場偏弱，空方佔優，外資期貨偏空壓制，建議逐步減碼...
[23:08:53]    🎯 建議：🔴 逐步減碼
[23:08:53]    📊 個股行動：10 檔
[23:08:53]    ✅ market_context + ai_narrative 已寫入 daily_analysis.json
[23:08:53] 📨 Step 7: LINE 推播...
[23:08:53]    ⚠️ 摘要推播失敗：send_daily_summary() missing 1 required positional argument: 'alerts'
[23:08:53]    總警報數：0
[23:08:53] 
✅ V35 Runner 全部完成！

==================================================
執行結果：✅ 成功
警報數：0
新聞掃描失敗: 401 Client Error: Unauthorized for url: https://api.perplexity.ai/chat/completions
[15:35:01] 🐱 喵姆 V35 Runner 啟動
[15:35:01]    模式：🚀 正式
[15:35:01] 📊 Step 1: 大盤指數監控...
[15:35:02]    加權指數：32110.42
[15:35:02]    漲跌幅：-4.43%
[15:35:02]    Regime：None
[15:35:02] 📈 Step 2: 外資期貨追蹤...
[15:35:02]    外資淨口數：-40,462
[15:35:02]    趨勢：空單增加
[15:35:02]    預警：✅ NO
[15:35:02] 🌐 Step 3: 新聞情緒掃描...
[15:35:05]    情緒分數：+0.0
[15:35:05] 🔍 Step 4: 崩盤情境分類...
[15:35:05]    分類：🏦 法人倒貨型崩盤
[15:35:05]    信心度：65%
[15:35:05] 🛡️ Step 5: 停損 / 量能檢查...
[15:35:05]    持倉數：0
[15:35:05]    停損觸發：0 檔
[15:35:05]    量能異常：0 檔
[15:35:05] 💾 Step 6: 寫入 market_context...
[15:35:05] 🤖 Step 6b: AI 綜合敘事引擎...
[15:35:05]    🏥 健康分數：16 (F)
[15:35:05]    📝 判斷：法人大量出貨中，散戶尚未恐慌，勿貿然接刀，等外資止賣信號...
[15:35:05]    🎯 建議：⛔ 全面防守
[15:35:05]    📊 個股行動：4 檔
[15:35:05]    ✅ market_context + ai_narrative 已寫入 daily_analysis.json
[15:35:05] 📨 Step 7: LINE 推播...
[15:35:05]    ❌ 推播失敗：send_market_regime_alert() takes 2 positional arguments but 3 were given
[15:35:05]    總警報數：1
[15:35:05] 
✅ V35 Runner 全部完成！

==================================================
執行結果：✅ 成功
警報數：1
新聞掃描失敗: 401 Client Error: Unauthorized for url: https://api.perplexity.ai/chat/completions
[15:35:01] 🐱 喵姆 V35 Runner 啟動
[15:35:01]    模式：🚀 正式
[15:35:01] 📊 Step 1: 大盤指數監控...
[15:35:02]    加權指數：32771.87
[15:35:02]    漲跌幅：+2.06%
[15:35:02]    Regime：None
[15:35:02] 📈 Step 2: 外資期貨追蹤...
[15:35:02]    外資淨口數：-36,856
[15:35:02]    趨勢：空單減少
[15:35:02]    預警：✅ NO
[15:35:02] 🌐 Step 3: 新聞情緒掃描...
[15:35:02]    情緒分數：+0.0
[15:35:02] 🔍 Step 4: 崩盤情境分類...
[15:35:02]    分類：📊 正常波動
[15:35:02]    信心度：60%
[15:35:02] 🛡️ Step 5: 停損 / 量能檢查...
[15:35:02]    持倉數：0
[15:35:02]    停損觸發：0 檔
[15:35:02]    量能異常：0 檔
[15:35:02] 💾 Step 6: 寫入 market_context...
[15:35:02] 🤖 Step 6b: AI 綜合敘事引擎...
[15:35:02]    🏥 健康分數：38 (C)
[15:35:02]    📝 判斷：市場偏弱，空方佔優，外資期貨偏空壓制，建議逐步減碼...
[15:35:02]    🎯 建議：🔴 逐步減碼
[15:35:02]    📊 個股行動：10 檔
[15:35:03]    ✅ market_context + ai_narrative 已寫入 daily_analysis.json
[15:35:03] 📨 Step 7: LINE 推播...
[15:35:03]    📤 已推播每日摘要
[15:35:03]    總警報數：0
[15:35:03] 
✅ V35 Runner 全部完成！

==================================================
執行結果：✅ 成功
警報數：0
新聞掃描失敗: 401 Client Error: Unauthorized for url: https://api.perplexity.ai/chat/completions
[15:35:00] 🐱 喵姆 V35 Runner 啟動
[15:35:00]    模式：🚀 正式
[15:35:00] 📊 Step 1: 大盤指數監控...
[15:35:04]    加權指數：34114.19
[15:35:04]    漲跌幅：+4.10%
[15:35:04]    Regime：None
[15:35:04] 📈 Step 2: 外資期貨追蹤...
[15:35:05]    外資淨口數：-40,958
[15:35:05]    趨勢：空單增加
[15:35:05]    預警：✅ NO
[15:35:05] 🌐 Step 3: 新聞情緒掃描...
[15:35:06]    情緒分數：+0.0
[15:35:06] 🔍 Step 4: 崩盤情境分類...
[15:35:06]    分類：📊 正常波動
[15:35:06]    信心度：60%
[15:35:06] 🛡️ Step 5: 停損 / 量能檢查...
[15:35:06]    持倉數：0
[15:35:06]    停損觸發：0 檔
[15:35:06]    量能異常：0 檔
[15:35:06] 💾 Step 6: 寫入 market_context...
[15:35:06] 🤖 Step 6b: AI 綜合敘事引擎...
[15:35:06]    🏥 健康分數：54 (B)
[15:35:06]    📝 判斷：多空拉鋸中，方向不明確，外資期貨偏空壓制，建議持股觀望...
[15:35:06]    🎯 建議：🟠 持股觀望
[15:35:06]    📊 個股行動：10 檔
[15:35:06]    ✅ market_context + ai_narrative 已寫入 daily_analysis.json
[15:35:06] 📨 Step 7: LINE 推播...
[15:35:06]    📤 已推播每日摘要
[15:35:06]    總警報數：0
[15:35:06] 
✅ V35 Runner 全部完成！

==================================================
執行結果：✅ 成功
警報數：0
