[STATIC] "GET / HTTP/1.1" 200 -
[STATIC] "GET /sw.js HTTP/1.1" 200 -
[STATIC] "GET /manifest.json HTTP/1.1" 200 -
[STATIC] code 404, message File not found
[STATIC] "GET /miao-mu-report/ HTTP/1.1" 404 -
[STATIC] code 404, message File not found
[STATIC] "GET /miao-mu-report/index.html HTTP/1.1" 404 -
[STATIC] code 404, message File not found
[STATIC] "GET /miao-mu-report/daily_analysis.json HTTP/1.1" 404 -
[STATIC] "GET /data/2330.json?t=1775642606051 HTTP/1.1" 200 -
[STATIC] "GET /market_history.json?t=1775642606052 HTTP/1.1" 200 -
[STATIC] "GET /daily_analysis.json?t=1775642606052 HTTP/1.1" 200 -
[STATIC] "GET /icon-192.png HTTP/1.1" 200 -
[STATIC] "GET /icon-192.png HTTP/1.1" 200 -
[STATIC] "GET /data/ai_predictions.json?t=1775642610486 HTTP/1.1" 200 -
[STATIC] "GET /data/ai_evolution.json?t=1775642611851 HTTP/1.1" 200 -
[35m[API] "OPTIONS /api/xiaoc/save HTTP/1.1" 200 -[0m
[STATIC] code 501, message Unsupported method ('POST')
[35m[API] "POST /api/xiaoc/save HTTP/1.1" 501 -[0m
[35m[API] "OPTIONS /api/xiaoc/save HTTP/1.1" 200 -[0m
[STATIC] code 501, message Unsupported method ('POST')
[35m[API] "POST /api/xiaoc/save HTTP/1.1" 501 -[0m
[35m[API] "OPTIONS /api/xiaoc/save HTTP/1.1" 200 -[0m
[STATIC] code 501, message Unsupported method ('POST')
[35m[API] "POST /api/xiaoc/save HTTP/1.1" 501 -[0m
