2026-02-17 16:47:53.293 | INFO     | FinMind.data.finmind_api:login_by_token:84 - Login success
2026-02-17 16:47:53.388 | INFO     | FinMind.data.finmind_api:login_by_token:84 - Login success

🐱 啟動喵姆看盤情報 V17 (並行與安全強固版)

💰 載入投資組合: 現金 20000, 持股 4 檔
🔥 啟動 8 個並行核心進行分析...
2026-02-17 16:47:59.762 | INFO     | FinMind.data.finmind_api:login_by_token:84 - Login success
2026-02-17 16:47:59.762 | INFO     | FinMind.data.finmind_api:login_by_token:84 - Login success
2026-02-17 16:47:59.762 | INFO     | FinMind.data.finmind_api:login_by_token:84 - Login success
2026-02-17 16:47:59.763 | INFO     | FinMind.data.finmind_api:login_by_token:84 - Login success
2026-02-17 16:47:59.803 | INFO     | FinMind.data.finmind_api:login_by_token:84 - Login success
2026-02-17 16:47:59.803 | INFO     | FinMind.data.finmind_api:login_by_token:84 - Login success
2026-02-17 16:47:59.805 | INFO     | FinMind.data.finmind_api:login_by_token:84 - Login success
2026-02-17 16:47:59.830 | INFO     | FinMind.data.finmind_api:login_by_token:84 - Login success
2026-02-17 16:47:59.879 | INFO     | FinMind.data.finmind_api:login_by_token:84 - Login success
2026-02-17 16:47:59.880 | INFO     | FinMind.data.finmind_api:get_data:153 - download TaiwanStockPrice, data_id: 2317
2026-02-17 16:47:59.920 | INFO     | FinMind.data.finmind_api:login_by_token:84 - Login success
2026-02-17 16:47:59.920 | INFO     | FinMind.data.finmind_api:login_by_token:84 - Login success
2026-02-17 16:47:59.920 | INFO     | FinMind.data.finmind_api:get_data:153 - download TaiwanStockPrice, data_id: 00919
2026-02-17 16:47:59.920 | INFO     | FinMind.data.finmind_api:get_data:153 - download TaiwanStockPrice, data_id: 2330
2026-02-17 16:47:59.921 | INFO     | FinMind.data.finmind_api:login_by_token:84 - Login success
2026-02-17 16:47:59.921 | INFO     | FinMind.data.finmind_api:get_data:153 - download TaiwanStockPrice, data_id: 2615
2026-02-17 16:47:59.921 | INFO     | FinMind.data.finmind_api:login_by_token:84 - Login success
2026-02-17 16:47:59.921 | INFO     | FinMind.data.finmind_api:get_data:153 - download TaiwanStockPrice, data_id: 0050
2026-02-17 16:47:59.982 | INFO     | FinMind.data.finmind_api:login_by_token:84 - Login success
2026-02-17 16:47:59.982 | INFO     | FinMind.data.finmind_api:get_data:153 - download TaiwanStockPrice, data_id: 1303
2026-02-17 16:47:59.982 | INFO     | FinMind.data.finmind_api:login_by_token:84 - Login success
2026-02-17 16:47:59.983 | INFO     | FinMind.data.finmind_api:get_data:153 - download TaiwanStockPrice, data_id: 2603
2026-02-17 16:47:59.990 | INFO     | FinMind.data.finmind_api:login_by_token:84 - Login success
2026-02-17 16:47:59.990 | INFO     | FinMind.data.finmind_api:get_data:153 - download TaiwanStockPrice, data_id: 0056
2026-02-17 16:48:02.116 | INFO     | FinMind.data.finmind_api:get_data:153 - download TaiwanStockInstitutionalInvestorsBuySell, data_id: 2317
2026-02-17 16:48:02.116 | INFO     | FinMind.data.finmind_api:get_data:153 - download TaiwanStockInstitutionalInvestorsBuySell, data_id: 2615
2026-02-17 16:48:02.117 | INFO     | FinMind.data.finmind_api:get_data:153 - download TaiwanStockInstitutionalInvestorsBuySell, data_id: 00919
2026-02-17 16:48:02.119 | INFO     | FinMind.data.finmind_api:get_data:153 - download TaiwanStockInstitutionalInvestorsBuySell, data_id: 2330
2026-02-17 16:48:02.119 | INFO     | FinMind.data.finmind_api:get_data:153 - download TaiwanStockInstitutionalInvestorsBuySell, data_id: 2603
2026-02-17 16:48:02.124 | INFO     | FinMind.data.finmind_api:get_data:153 - download TaiwanStockInstitutionalInvestorsBuySell, data_id: 1303
2026-02-17 16:48:02.125 | INFO     | FinMind.data.finmind_api:get_data:153 - download TaiwanStockInstitutionalInvestorsBuySell, data_id: 0056
2026-02-17 16:48:02.200 | INFO     | FinMind.data.finmind_api:get_data:153 - download TaiwanStockInstitutionalInvestorsBuySell, data_id: 0050
2026-02-17 16:48:02.228 | INFO     | FinMind.data.finmind_api:get_data:153 - download TaiwanStockPER, data_id: 2615
2026-02-17 16:48:02.233 | INFO     | FinMind.data.finmind_api:get_data:153 - download TaiwanStockPER, data_id: 2317
2026-02-17 16:48:02.239 | INFO     | FinMind.data.finmind_api:get_data:153 - download TaiwanStockPER, data_id: 00919
2026-02-17 16:48:02.244 | INFO     | FinMind.data.finmind_api:get_data:153 - download TaiwanStockPER, data_id: 2330
2026-02-17 16:48:02.245 | INFO     | FinMind.data.finmind_api:get_data:153 - download TaiwanStockPER, data_id: 2603
2026-02-17 16:48:02.252 | INFO     | FinMind.data.finmind_api:get_data:153 - download TaiwanStockPER, data_id: 1303
2026-02-17 16:48:02.252 | INFO     | FinMind.data.finmind_api:get_data:153 - download TaiwanStockPER, data_id: 0056
2026-02-17 16:48:02.293 | INFO     | FinMind.data.finmind_api:get_data:153 - download TaiwanStockPER, data_id: 0050
2026-02-17 16:48:02.311 | INFO     | FinMind.data.finmind_api:get_data:153 - download TaiwanStockMonthRevenue, data_id: 2615
2026-02-17 16:48:02.324 | INFO     | FinMind.data.finmind_api:get_data:153 - download TaiwanStockMonthRevenue, data_id: 2317
2026-02-17 16:48:02.339 | INFO     | FinMind.data.finmind_api:get_data:153 - download TaiwanStockMonthRevenue, data_id: 00919
2026-02-17 16:48:02.349 | INFO     | FinMind.data.finmind_api:get_data:153 - download TaiwanStockMonthRevenue, data_id: 2330
2026-02-17 16:48:02.349 | INFO     | FinMind.data.finmind_api:get_data:153 - download TaiwanStockMonthRevenue, data_id: 2603
2026-02-17 16:48:02.355 | INFO     | FinMind.data.finmind_api:get_data:153 - download TaiwanStockMonthRevenue, data_id: 1303
2026-02-17 16:48:02.355 | INFO     | FinMind.data.finmind_api:get_data:153 - download TaiwanStockMonthRevenue, data_id: 0056
2026-02-17 16:48:02.379 | INFO     | FinMind.data.finmind_api:get_data:153 - download TaiwanStockMonthRevenue, data_id: 0050
2026-02-17 16:48:04.442 | INFO     | FinMind.data.finmind_api:login_by_token:84 - Login success
2026-02-17 16:48:04.467 | INFO     | FinMind.data.finmind_api:login_by_token:84 - Login success
2026-02-17 16:48:04.488 | INFO     | FinMind.data.finmind_api:login_by_token:84 - Login success
2026-02-17 16:48:04.500 | INFO     | FinMind.data.finmind_api:login_by_token:84 - Login success
2026-02-17 16:48:04.507 | INFO     | FinMind.data.finmind_api:login_by_token:84 - Login success
2026-02-17 16:48:04.511 | INFO     | FinMind.data.finmind_api:login_by_token:84 - Login success
2026-02-17 16:48:04.533 | INFO     | FinMind.data.finmind_api:login_by_token:84 - Login success
2026-02-17 16:48:04.553 | INFO     | FinMind.data.finmind_api:login_by_token:84 - Login success
2026-02-17 16:48:04.577 | INFO     | FinMind.data.finmind_api:login_by_token:84 - Login success
2026-02-17 16:48:04.577 | INFO     | FinMind.data.finmind_api:get_data:153 - download TaiwanStockPrice, data_id: 2609
2026-02-17 16:48:04.606 | INFO     | FinMind.data.finmind_api:login_by_token:84 - Login success
2026-02-17 16:48:04.606 | INFO     | FinMind.data.finmind_api:get_data:153 - download TaiwanStockPrice, data_id: 2002
2026-02-17 16:48:04.621 | INFO     | FinMind.data.finmind_api:login_by_token:84 - Login success
2026-02-17 16:48:04.621 | INFO     | FinMind.data.finmind_api:login_by_token:84 - Login success
2026-02-17 16:48:04.621 | INFO     | FinMind.data.finmind_api:login_by_token:84 - Login success
2026-02-17 16:48:04.622 | INFO     | FinMind.data.finmind_api:get_data:153 - download TaiwanStockPrice, data_id: 2303
2026-02-17 16:48:04.622 | INFO     | FinMind.data.finmind_api:login_by_token:84 - Login success
2026-02-17 16:48:04.622 | INFO     | FinMind.data.finmind_api:get_data:153 - download TaiwanStockPrice, data_id: 2454
2026-02-17 16:48:04.622 | INFO     | FinMind.data.finmind_api:get_data:153 - download TaiwanStockPrice, data_id: 2883
2026-02-17 16:48:04.622 | INFO     | FinMind.data.finmind_api:get_data:153 - download TaiwanStockPrice, data_id: 2891
2026-02-17 16:48:04.659 | INFO     | FinMind.data.finmind_api:login_by_token:84 - Login success
2026-02-17 16:48:04.660 | INFO     | FinMind.data.finmind_api:get_data:153 - download TaiwanStockPrice, data_id: 2882
2026-02-17 16:48:04.694 | INFO     | FinMind.data.finmind_api:login_by_token:84 - Login success
2026-02-17 16:48:04.694 | INFO     | FinMind.data.finmind_api:get_data:153 - download TaiwanStockPrice, data_id: 3711
2026-02-17 16:48:05.223 | INFO     | FinMind.data.finmind_api:get_data:153 - download TaiwanStockInstitutionalInvestorsBuySell, data_id: 2609
2026-02-17 16:48:05.270 | INFO     | FinMind.data.finmind_api:get_data:153 - download TaiwanStockInstitutionalInvestorsBuySell, data_id: 2883
2026-02-17 16:48:05.273 | INFO     | FinMind.data.finmind_api:get_data:153 - download TaiwanStockInstitutionalInvestorsBuySell, data_id: 2454
2026-02-17 16:48:05.305 | INFO     | FinMind.data.finmind_api:get_data:153 - download TaiwanStockInstitutionalInvestorsBuySell, data_id: 2891
2026-02-17 16:48:05.308 | INFO     | FinMind.data.finmind_api:get_data:153 - download TaiwanStockInstitutionalInvestorsBuySell, data_id: 2002
2026-02-17 16:48:05.318 | INFO     | FinMind.data.finmind_api:get_data:153 - download TaiwanStockPER, data_id: 2609
2026-02-17 16:48:05.340 | INFO     | FinMind.data.finmind_api:get_data:153 - download TaiwanStockInstitutionalInvestorsBuySell, data_id: 2303
2026-02-17 16:48:05.341 | INFO     | FinMind.data.finmind_api:get_data:153 - download TaiwanStockInstitutionalInvestorsBuySell, data_id: 2882
2026-02-17 16:48:05.384 | INFO     | FinMind.data.finmind_api:get_data:153 - download TaiwanStockPER, data_id: 2883
2026-02-17 16:48:05.384 | INFO     | FinMind.data.finmind_api:get_data:153 - download TaiwanStockPER, data_id: 2454
2026-02-17 16:48:05.420 | INFO     | FinMind.data.finmind_api:get_data:153 - download TaiwanStockPER, data_id: 2891
2026-02-17 16:48:05.423 | INFO     | FinMind.data.finmind_api:get_data:153 - download TaiwanStockPER, data_id: 2002
2026-02-17 16:48:05.430 | INFO     | FinMind.data.finmind_api:get_data:153 - download TaiwanStockMonthRevenue, data_id: 2609
2026-02-17 16:48:05.454 | INFO     | FinMind.data.finmind_api:get_data:153 - download TaiwanStockPER, data_id: 2882
2026-02-17 16:48:05.460 | INFO     | FinMind.data.finmind_api:get_data:153 - download TaiwanStockPER, data_id: 2303
2026-02-17 16:48:05.480 | INFO     | FinMind.data.finmind_api:get_data:153 - download TaiwanStockMonthRevenue, data_id: 2883
2026-02-17 16:48:05.490 | INFO     | FinMind.data.finmind_api:get_data:153 - download TaiwanStockMonthRevenue, data_id: 2454
2026-02-17 16:48:05.510 | INFO     | FinMind.data.finmind_api:get_data:153 - download TaiwanStockMonthRevenue, data_id: 2891
2026-02-17 16:48:05.529 | INFO     | FinMind.data.finmind_api:get_data:153 - download TaiwanStockMonthRevenue, data_id: 2002
2026-02-17 16:48:05.548 | INFO     | FinMind.data.finmind_api:get_data:153 - download TaiwanStockMonthRevenue, data_id: 2882
2026-02-17 16:48:05.560 | INFO     | FinMind.data.finmind_api:get_data:153 - download TaiwanStockMonthRevenue, data_id: 2303
2026-02-17 16:48:05.615 | INFO     | FinMind.data.finmind_api:get_data:153 - download TaiwanStockInstitutionalInvestorsBuySell, data_id: 3711
2026-02-17 16:48:05.718 | INFO     | FinMind.data.finmind_api:get_data:153 - download TaiwanStockPER, data_id: 3711
2026-02-17 16:48:05.844 | INFO     | FinMind.data.finmind_api:get_data:153 - download TaiwanStockMonthRevenue, data_id: 3711
2026-02-17 16:48:06.946 | INFO     | FinMind.data.finmind_api:login_by_token:84 - Login success
2026-02-17 16:48:07.037 | INFO     | FinMind.data.finmind_api:login_by_token:84 - Login success
2026-02-17 16:48:07.037 | INFO     | FinMind.data.finmind_api:login_by_token:84 - Login success
2026-02-17 16:48:07.269 | INFO     | FinMind.data.finmind_api:login_by_token:84 - Login success
2026-02-17 16:48:07.269 | INFO     | FinMind.data.finmind_api:get_data:153 - download TaiwanStockPrice, data_id: 1609
2026-02-17 16:48:07.534 | INFO     | FinMind.data.finmind_api:login_by_token:84 - Login success
2026-02-17 16:48:07.534 | INFO     | FinMind.data.finmind_api:login_by_token:84 - Login success
2026-02-17 16:48:07.535 | INFO     | FinMind.data.finmind_api:get_data:153 - download TaiwanStockPrice, data_id: 3090
2026-02-17 16:48:07.536 | INFO     | FinMind.data.finmind_api:login_by_token:84 - Login success
2026-02-17 16:48:07.537 | INFO     | FinMind.data.finmind_api:login_by_token:84 - Login success
2026-02-17 16:48:07.537 | INFO     | FinMind.data.finmind_api:get_data:153 - download TaiwanStockPrice, data_id: 3293
2026-02-17 16:48:07.539 | INFO     | FinMind.data.finmind_api:login_by_token:84 - Login success
2026-02-17 16:48:07.677 | INFO     | FinMind.data.finmind_api:login_by_token:84 - Login success
2026-02-17 16:48:07.677 | INFO     | FinMind.data.finmind_api:get_data:153 - download TaiwanStockPrice, data_id: 2376
2026-02-17 16:48:07.681 | INFO     | FinMind.data.finmind_api:login_by_token:84 - Login success
2026-02-17 16:48:07.682 | INFO     | FinMind.data.finmind_api:get_data:153 - download TaiwanStockPrice, data_id: 8011
2026-02-17 16:48:07.683 | INFO     | FinMind.data.finmind_api:login_by_token:84 - Login success
2026-02-17 16:48:07.725 | INFO     | FinMind.data.finmind_api:login_by_token:84 - Login success
2026-02-17 16:48:07.725 | INFO     | FinMind.data.finmind_api:get_data:153 - download TaiwanStockPrice, data_id: 2379
2026-02-17 16:48:07.865 | INFO     | FinMind.data.finmind_api:login_by_token:84 - Login success
2026-02-17 16:48:07.865 | INFO     | FinMind.data.finmind_api:get_data:153 - download TaiwanStockPrice, data_id: 3034
2026-02-17 16:48:07.966 | INFO     | FinMind.data.finmind_api:login_by_token:84 - Login success
2026-02-17 16:48:08.093 | INFO     | FinMind.data.finmind_api:login_by_token:84 - Login success
2026-02-17 16:48:08.094 | INFO     | FinMind.data.finmind_api:get_data:153 - download TaiwanStockPrice, data_id: 7749
2026-02-17 16:48:08.271 | INFO     | FinMind.data.finmind_api:get_data:153 - download TaiwanStockInstitutionalInvestorsBuySell, data_id: 1609
2026-02-17 16:48:08.561 | INFO     | FinMind.data.finmind_api:get_data:153 - download TaiwanStockPER, data_id: 1609
2026-02-17 16:48:08.652 | INFO     | FinMind.data.finmind_api:get_data:153 - download TaiwanStockInstitutionalInvestorsBuySell, data_id: 3090
2026-02-17 16:48:08.695 | INFO     | FinMind.data.finmind_api:get_data:153 - download TaiwanStockInstitutionalInvestorsBuySell, data_id: 2376
2026-02-17 16:48:08.781 | INFO     | FinMind.data.finmind_api:get_data:153 - download TaiwanStockInstitutionalInvestorsBuySell, data_id: 8011
2026-02-17 16:48:08.891 | INFO     | FinMind.data.finmind_api:get_data:153 - download TaiwanStockInstitutionalInvestorsBuySell, data_id: 2379
2026-02-17 16:48:08.895 | INFO     | FinMind.data.finmind_api:get_data:153 - download TaiwanStockMonthRevenue, data_id: 1609
2026-02-17 16:48:08.977 | INFO     | FinMind.data.finmind_api:get_data:153 - download TaiwanStockPER, data_id: 3090
2026-02-17 16:48:08.984 | INFO     | FinMind.data.finmind_api:get_data:153 - download TaiwanStockPER, data_id: 2376
2026-02-17 16:48:09.135 | INFO     | FinMind.data.finmind_api:get_data:153 - download TaiwanStockPER, data_id: 8011
2026-02-17 16:48:09.171 | INFO     | FinMind.data.finmind_api:get_data:153 - download TaiwanStockInstitutionalInvestorsBuySell, data_id: 3034
2026-02-17 16:48:09.263 | INFO     | FinMind.data.finmind_api:get_data:153 - download TaiwanStockPER, data_id: 2379
2026-02-17 16:48:09.431 | INFO     | FinMind.data.finmind_api:get_data:153 - download TaiwanStockMonthRevenue, data_id: 2376
2026-02-17 16:48:09.431 | INFO     | FinMind.data.finmind_api:get_data:153 - download TaiwanStockMonthRevenue, data_id: 3090
2026-02-17 16:48:09.492 | INFO     | FinMind.data.finmind_api:get_data:153 - download TaiwanStockMonthRevenue, data_id: 8011
2026-02-17 16:48:09.492 | INFO     | FinMind.data.finmind_api:get_data:153 - download TaiwanStockPER, data_id: 3034
2026-02-17 16:48:09.506 | INFO     | FinMind.data.finmind_api:get_data:153 - download TaiwanStockMonthRevenue, data_id: 2379
2026-02-17 16:48:09.566 | INFO     | FinMind.data.finmind_api:get_data:153 - download TaiwanStockInstitutionalInvestorsBuySell, data_id: 7749
2026-02-17 16:48:09.697 | INFO     | FinMind.data.finmind_api:get_data:153 - download TaiwanStockMonthRevenue, data_id: 3034
2026-02-17 16:48:09.740 | INFO     | FinMind.data.finmind_api:get_data:153 - download TaiwanStockPER, data_id: 7749
2026-02-17 16:48:09.893 | INFO     | FinMind.data.finmind_api:get_data:153 - download TaiwanStockMonthRevenue, data_id: 7749
HTTP Error 404: {"quoteSummary":{"result":null,"error":{"code":"Not Found","description":"Quote not found for symbol: 3293.TW"}}}
$3293.TW: possibly delisted; no timezone found

1 Failed download:
['3293.TW']: possibly delisted; no timezone found
2026-02-17 16:48:10.993 | INFO     | FinMind.data.finmind_api:login_by_token:84 - Login success
2026-02-17 16:48:11.118 | INFO     | FinMind.data.finmind_api:login_by_token:84 - Login success
2026-02-17 16:48:11.118 | INFO     | FinMind.data.finmind_api:get_data:153 - download TaiwanStockPrice, data_id: 3035
2026-02-17 16:48:11.171 | INFO     | FinMind.data.finmind_api:login_by_token:84 - Login success
2026-02-17 16:48:11.263 | INFO     | FinMind.data.finmind_api:login_by_token:84 - Login success
2026-02-17 16:48:11.263 | INFO     | FinMind.data.finmind_api:get_data:153 - download TaiwanStockPrice, data_id: 6197
2026-02-17 16:48:11.335 | INFO     | FinMind.data.finmind_api:login_by_token:84 - Login success
2026-02-17 16:48:11.356 | INFO     | FinMind.data.finmind_api:login_by_token:84 - Login success
2026-02-17 16:48:11.377 | INFO     | FinMind.data.finmind_api:login_by_token:84 - Login success
2026-02-17 16:48:11.468 | INFO     | FinMind.data.finmind_api:login_by_token:84 - Login success
2026-02-17 16:48:11.468 | INFO     | FinMind.data.finmind_api:get_data:153 - download TaiwanStockPrice, data_id: 3088
2026-02-17 16:48:11.470 | INFO     | FinMind.data.finmind_api:login_by_token:84 - Login success
2026-02-17 16:48:11.471 | INFO     | FinMind.data.finmind_api:get_data:153 - download TaiwanStockPrice, data_id: 3680
2026-02-17 16:48:11.529 | INFO     | FinMind.data.finmind_api:login_by_token:84 - Login success
2026-02-17 16:48:11.529 | INFO     | FinMind.data.finmind_api:get_data:153 - download TaiwanStockPrice, data_id: 6579
2026-02-17 16:48:11.593 | INFO     | FinMind.data.finmind_api:login_by_token:84 - Login success
2026-02-17 16:48:11.713 | INFO     | FinMind.data.finmind_api:login_by_token:84 - Login success
2026-02-17 16:48:11.714 | INFO     | FinMind.data.finmind_api:get_data:153 - download TaiwanStockPrice, data_id: 00881
2026-02-17 16:48:11.839 | INFO     | FinMind.data.finmind_api:get_data:153 - download TaiwanStockInstitutionalInvestorsBuySell, data_id: 3035
2026-02-17 16:48:11.940 | INFO     | FinMind.data.finmind_api:get_data:153 - download TaiwanStockInstitutionalInvestorsBuySell, data_id: 6197
2026-02-17 16:48:11.949 | INFO     | FinMind.data.finmind_api:get_data:153 - download TaiwanStockPER, data_id: 3035
2026-02-17 16:48:12.060 | INFO     | FinMind.data.finmind_api:get_data:153 - download TaiwanStockPER, data_id: 6197
2026-02-17 16:48:12.067 | INFO     | FinMind.data.finmind_api:get_data:153 - download TaiwanStockMonthRevenue, data_id: 3035
2026-02-17 16:48:12.195 | INFO     | FinMind.data.finmind_api:get_data:153 - download TaiwanStockMonthRevenue, data_id: 6197
2026-02-17 16:48:12.440 | INFO     | FinMind.data.finmind_api:get_data:153 - download TaiwanStockInstitutionalInvestorsBuySell, data_id: 6579
HTTP Error 404: {"quoteSummary":{"result":null,"error":{"code":"Not Found","description":"Quote not found for symbol: 3293"}}}
2026-02-17 16:48:12.581 | INFO     | FinMind.data.finmind_api:get_data:153 - download TaiwanStockPER, data_id: 6579
2026-02-17 16:48:12.607 | INFO     | FinMind.data.finmind_api:get_data:153 - download TaiwanStockInstitutionalInvestorsBuySell, data_id: 00881
2026-02-17 16:48:12.683 | INFO     | FinMind.data.finmind_api:get_data:153 - download TaiwanStockMonthRevenue, data_id: 6579
2026-02-17 16:48:12.732 | INFO     | FinMind.data.finmind_api:get_data:153 - download TaiwanStockPER, data_id: 00881
2026-02-17 16:48:12.818 | INFO     | FinMind.data.finmind_api:get_data:153 - download TaiwanStockMonthRevenue, data_id: 00881
$3293: possibly delisted; no timezone found

1 Failed download:
['3293']: possibly delisted; no timezone found
HTTP Error 404: {"quoteSummary":{"result":null,"error":{"code":"Not Found","description":"Quote not found for symbol: 3088.TW"}}}
$3088.TW: possibly delisted; no timezone found

1 Failed download:
['3088.TW']: possibly delisted; no timezone found
HTTP Error 404: {"quoteSummary":{"result":null,"error":{"code":"Not Found","description":"Quote not found for symbol: 3680.TW"}}}
$3680.TW: possibly delisted; no timezone found

1 Failed download:
['3680.TW']: possibly delisted; no timezone found
HTTP Error 404: {"quoteSummary":{"result":null,"error":{"code":"Not Found","description":"Quote not found for symbol: 3088"}}}
HTTP Error 404: {"quoteSummary":{"result":null,"error":{"code":"Not Found","description":"Quote not found for symbol: 3680"}}}
$3088: possibly delisted; no timezone found

1 Failed download:
['3088']: possibly delisted; no timezone found
$3680: possibly delisted; no timezone found

1 Failed download:
['3680']: possibly delisted; no timezone found
🚀 掃描中: 南亞 (1303)...
⚠️ FinMind API Error: 'data'
🌍 FinMind 無資料，嘗試 Yahoo Finance: 1303...
⚠️ 估值資料取得失敗 (1303): 'data'
📉 南亞 回測完成: 報酬率 0.03%, 勝率 50.0%, 最大回撤 0.01%
🚀 掃描中: 聯電 (2303)...
⚠️ FinMind API Error: 'data'
🌍 FinMind 無資料，嘗試 Yahoo Finance: 2303...
⚠️ 估值資料取得失敗 (2303): 'data'
📉 聯電 回測完成: 報酬率 0.02%, 勝率 100.0%, 最大回撤 0.01%
🚀 掃描中: 聯詠 (3034)...
⚠️ FinMind API Error: 'data'
🌍 FinMind 無資料，嘗試 Yahoo Finance: 3034...
⚠️ 估值資料取得失敗 (3034): 'data'
📉 聯詠 回測完成: 報酬率 -0.04%, 勝率 0.0%, 最大回撤 0.04%
🚀 掃描中: 元大高股息 (0056)...
⚠️ FinMind API Error: 'data'
🌍 FinMind 無資料，嘗試 Yahoo Finance: 0056...
⚠️ 估值資料取得失敗 (0056): 'data'
📉 元大高股息 回測完成: 報酬率 0.0%, 勝率 33.33%, 最大回撤 0.0%
🚀 掃描中: 開發金 (2883)...
⚠️ FinMind API Error: 'data'
🌍 FinMind 無資料，嘗試 Yahoo Finance: 2883...
⚠️ 估值資料取得失敗 (2883): 'data'
📉 開發金 回測完成: 報酬率 0.0%, 勝率 0.0%, 最大回撤 0.0%
🚀 掃描中: 鈊象 (3293)...
⚠️ FinMind API Error: 'data'
🌍 FinMind 無資料，嘗試 Yahoo Finance: 3293...
🚀 掃描中: 元大台灣50 (0050)...
⚠️ FinMind API Error: 'data'
🌍 FinMind 無資料，嘗試 Yahoo Finance: 0050...
⚠️ 估值資料取得失敗 (0050): 'data'
📉 元大台灣50 回測完成: 報酬率 0.01%, 勝率 75.0%, 最大回撤 0.01%
🚀 掃描中: 中信金 (2891)...
⚠️ FinMind API Error: 'data'
🌍 FinMind 無資料，嘗試 Yahoo Finance: 2891...
⚠️ 估值資料取得失敗 (2891): 'data'
📉 中信金 回測完成: 報酬率 0.01%, 勝率 40.0%, 最大回撤 0.0%
🚀 掃描中: 日電貿 (3090)...
⚠️ FinMind API Error: 'data'
🌍 FinMind 無資料，嘗試 Yahoo Finance: 3090...
⚠️ 估值資料取得失敗 (3090): 'data'
📉 日電貿 回測完成: 報酬率 -0.0%, 勝率 0.0%, 最大回撤 0.02%
🚀 掃描中: 佳必琪 (6197)...
⚠️ FinMind API Error: 'data'
🌍 FinMind 無資料，嘗試 Yahoo Finance: 6197...
⚠️ 估值資料取得失敗 (6197): 'data'
📉 佳必琪 回測完成: 報酬率 -0.04%, 勝率 0.0%, 最大回撤 0.05%
🚀 掃描中: 鴻海 (2317)...
⚠️ FinMind API Error: 'data'
🌍 FinMind 無資料，嘗試 Yahoo Finance: 2317...
⚠️ 估值資料取得失敗 (2317): 'data'
📉 鴻海 回測完成: 報酬率 -0.05%, 勝率 20.0%, 最大回撤 0.05%
🚀 掃描中: 陽明 (2609)...
⚠️ FinMind API Error: 'data'
🌍 FinMind 無資料，嘗試 Yahoo Finance: 2609...
⚠️ 估值資料取得失敗 (2609): 'data'
📉 陽明 回測完成: 報酬率 -0.01%, 勝率 0.0%, 最大回撤 0.01%
🚀 掃描中: 大亞 (1609)...
⚠️ FinMind API Error: 'data'
🌍 FinMind 無資料，嘗試 Yahoo Finance: 1609...
⚠️ 估值資料取得失敗 (1609): 'data'
📉 大亞 回測完成: 報酬率 0.0%, 勝率 33.33%, 最大回撤 0.01%
🚀 掃描中: 智原 (3035)...
⚠️ FinMind API Error: 'data'
🌍 FinMind 無資料，嘗試 Yahoo Finance: 3035...
⚠️ 估值資料取得失敗 (3035): 'data'
📉 智原 回測完成: 報酬率 -0.04%, 勝率 0.0%, 最大回撤 0.04%
🚀 掃描中: 長榮 (2603)...
⚠️ FinMind API Error: 'data'
🌍 FinMind 無資料，嘗試 Yahoo Finance: 2603...
⚠️ 估值資料取得失敗 (2603): 'data'
📉 長榮 回測完成: 報酬率 -0.02%, 勝率 0.0%, 最大回撤 0.02%
🚀 掃描中: 聯發科 (2454)...
⚠️ FinMind API Error: 'data'
🌍 FinMind 無資料，嘗試 Yahoo Finance: 2454...
⚠️ 估值資料取得失敗 (2454): 'data'
📉 聯發科 回測完成: 報酬率 0.5%, 勝率 100.0%, 最大回撤 0.09%
🚀 掃描中: 台通 (8011)...
⚠️ FinMind API Error: 'data'
🌍 FinMind 無資料，嘗試 Yahoo Finance: 8011...
⚠️ 估值資料取得失敗 (8011): 'data'
📉 台通 回測完成: 報酬率 -0.0%, 勝率 0.0%, 最大回撤 0.0%
🚀 掃描中: 研揚 (6579)...
⚠️ FinMind API Error: 'data'
🌍 FinMind 無資料，嘗試 Yahoo Finance: 6579...
⚠️ 估值資料取得失敗 (6579): 'data'
📉 研揚 回測完成: 報酬率 -0.0%, 勝率 100.0%, 最大回撤 0.02%
🚀 掃描中: 台積電 (2330)...
⚠️ FinMind API Error: 'data'
🌍 FinMind 無資料，嘗試 Yahoo Finance: 2330...
⚠️ 估值資料取得失敗 (2330): 'data'
📉 台積電 回測完成: 報酬率 0.41%, 勝率 50.0%, 最大回撤 0.07%
🚀 掃描中: 中鋼 (2002)...
⚠️ FinMind API Error: 'data'
🌍 FinMind 無資料，嘗試 Yahoo Finance: 2002...
⚠️ 估值資料取得失敗 (2002): 'data'
📉 中鋼 回測完成: 報酬率 -0.0%, 勝率 0.0%, 最大回撤 0.0%
🚀 掃描中: 瑞昱 (2379)...
⚠️ FinMind API Error: 'data'
🌍 FinMind 無資料，嘗試 Yahoo Finance: 2379...
⚠️ 估值資料取得失敗 (2379): 'data'
📉 瑞昱 回測完成: 報酬率 -0.15%, 勝率 0.0%, 最大回撤 0.16%
🚀 掃描中: 家登 (3680)...
⚠️ FinMind API Error: 'data'
🌍 FinMind 無資料，嘗試 Yahoo Finance: 3680...
🚀 掃描中: 萬海 (2615)...
⚠️ FinMind API Error: 'data'
🌍 FinMind 無資料，嘗試 Yahoo Finance: 2615...
⚠️ 估值資料取得失敗 (2615): 'data'
📉 萬海 回測完成: 報酬率 -0.01%, 勝率 0.0%, 最大回撤 0.01%
🚀 掃描中: 日月光投控 (3711)...
⚠️ FinMind API Error: 'data'
🌍 FinMind 無資料，嘗試 Yahoo Finance: 3711...
⚠️ 估值資料取得失敗 (3711): 'data'
📉 日月光投控 回測完成: 報酬率 0.13%, 勝率 100.0%, 最大回撤 0.04%
🚀 掃描中: 意騰-KY (7749)...
⚠️ FinMind API Error: 'data'
🌍 FinMind 無資料，嘗試 Yahoo Finance: 7749...
⚠️ 估值資料取得失敗 (7749): 'data'
📉 意騰-KY 回測完成: 報酬率 -0.04%, 勝率 0.0%, 最大回撤 0.04%
🚀 掃描中: 國泰科技5G (00881)...
⚠️ FinMind API Error: 'data'
🌍 FinMind 無資料，嘗試 Yahoo Finance: 00881...
⚠️ 估值資料取得失敗 (00881): 'data'
📉 國泰科技5G 回測完成: 報酬率 0.0%, 勝率 50.0%, 最大回撤 0.0%
🚀 掃描中: 群益高股息 (00919)...
⚠️ FinMind API Error: 'data'
🌍 FinMind 無資料，嘗試 Yahoo Finance: 00919...
⚠️ 估值資料取得失敗 (00919): 'data'
📉 群益高股息 回測完成: 報酬率 0.0%, 勝率 66.67%, 最大回撤 0.0%
🚀 掃描中: 國泰金 (2882)...
⚠️ FinMind API Error: 'data'
🌍 FinMind 無資料，嘗試 Yahoo Finance: 2882...
⚠️ 估值資料取得失敗 (2882): 'data'
📉 國泰金 回測完成: 報酬率 0.01%, 勝率 25.0%, 最大回撤 0.0%
🚀 掃描中: 技嘉 (2376)...
⚠️ FinMind API Error: 'data'
🌍 FinMind 無資料，嘗試 Yahoo Finance: 2376...
⚠️ 估值資料取得失敗 (2376): 'data'
⚠️ 技嘉 回測失敗: 
🚀 掃描中: 艾訊 (3088)...
⚠️ FinMind API Error: 'data'
🌍 FinMind 無資料，嘗試 Yahoo Finance: 3088...
✅ 完成 27 檔股票分析。
✅ v14.0 系統升級完成 (並行、安全與教育增強版)
✅ LINE 通知已發送 (含重點摘要)
✅ 數據已存檔 (daily_analysis.json)，準備進行晚間策略會議。
🚀 啟動 Webhook 監聽伺服器 (Port 5000)...
 * Serving Flask app 'main'
 * Debug mode: off
[31m[1mWARNING: This is a development server. Do not use it in a production deployment. Use a production WSGI server instead.[0m
 * Running on all addresses (0.0.0.0)
 * Running on http://127.0.0.1:5000
 * Running on http://10.45.250.132:5000
[33mPress CTRL+C to quit[0m

💡 提示：分析完成並已開啟報告。後台伺服器運行中，您可以直接在網頁與 AI 戰情室對話。按 Ctrl+C 結束。
127.0.0.1 - - [17/Feb/2026 17:32:00] "GET / HTTP/1.1" 200 -
127.0.0.1 - - [17/Feb/2026 17:32:53] "GET / HTTP/1.1" 200 -
